Arguments: 
  C:\Program Files\nodejs\node.exe C:\Users\joshl\AppData\Roaming\npm\node_modules\yarn\bin\yarn.js add body-parser cors errorhandler express express-jwt express-session jsonwebtoken mongoose passprt passport-local path react react-dom styled-components

PATH: 
  C:\Python27\;C:\Python27\Scripts;C:\Program Files\Oculus\Support\oculus-runtime;C:\Program Files\Microsoft MPI\Bin\;D:\Oracle\product\12.2.0\dbhome_1\bin;C:\Program Files (x86)\Common Files\Oracle\Java\javapath;C:\Program Files (x86)\Razer\ChromaBroadcast\bin;C:\Program Files\Razer\ChromaBroadcast\bin;C:\Program Files (x86)\Intel\Intel(R) Management Engine Components\iCLS\;C:\Program Files\Intel\Intel(R) Management Engine Components\iCLS\;C:\Windows\system32;C:\Windows;C:\Windows\System32\Wbem;C:\Windows\System32\WindowsPowerShell\v1.0\;C:\Windows\System32\OpenSSH\;C:\Program Files (x86)\NVIDIA Corporation\PhysX\Common;C:\Program Files (x86)\Intel\Intel(R) Management Engine Components\DAL;C:\Program Files\Intel\Intel(R) Management Engine Components\DAL;C:\Program Files (x86)\Intel\Intel(R) Management Engine Components\IPT;C:\Program Files\Intel\Intel(R) Management Engine Components\IPT;C:\Users\Administrator\AppData\Local\Microsoft\WindowsApps;C:\Program Files\NVIDIA Corporation\NVIDIA NvDLISR;C:\Program Files\dotnet\;C:\Program Files\Microsoft SQL Server\130\Tools\Binn\;C:\Program Files\PuTTY\;C:\Program Files\Terraform\;C:\Program Files\MongoDB\Server\4.0\bin;C:\Program Files\Oracle\VirtualBox;C:\Program Files\Amazon\AWSCLI\bin\;C:\Program Files\Microsoft SQL Server\Client SDK\ODBC\170\Tools\Binn\;C:\Go\bin;C:\ProgramData\chocolatey\bin;C:\Program Files (x86)\dotnet\;C:\Program Files (x86)\Microsoft SQL Server\150\DTS\Binn\;C:\Program Files (x86)\Microsoft SQL Server\150\Tools\Binn\;C:\Program Files\Microsoft SQL Server\150\Tools\Binn\;C:\Program Files\Microsoft SQL Server\150\DTS\Binn\;C:\Program Files\TortoiseSVN\bin;C:\WINDOWS\system32;C:\WINDOWS;C:\WINDOWS\System32\Wbem;C:\WINDOWS\System32\WindowsPowerShell\v1.0\;C:\WINDOWS\System32\OpenSSH\;C:\Program Files (x86)\IncrediBuild;C:\Program Files\nodejs\;C:\Program Files\Git\cmd;C:\Users\joshl\.cargo\bin;C:\Users\joshl\AppData\Local\Programs\Python\Python37\Scripts\;C:\Users\joshl\AppData\Local\Programs\Python\Python37\;C:\Users\joshl\AppData\Local\Microsoft\WindowsApps;C:\Users\joshl\AppData\Local\Programs\Microsoft VS Code\bin;C:\Users\joshl\.dotnet\tools;C:\Program Files\heroku\bin;C:\Users\joshl\go\bin;C:\Users\joshl\AppData\Local\GitHubDesktop\bin;C:\Users\joshl\AppData\Local\atom\bin;C:\Users\joshl\AppData\Local\Microsoft\WindowsApps;C:\Users\joshl\AppData\roaming\Python\Python37\scripts;C:\Program Files\PostgreSQL\11\bin;C:\Users\joshl\AppData\Roaming\npm

Yarn version: 
  1.15.2

Node version: 
  13.6.0

Platform: 
  win32 x64

Trace: 
  Error: https://registry.yarnpkg.com/passprt: Not found
      at Request.params.callback [as _callback] (C:\Users\joshl\AppData\Roaming\npm\node_modules\yarn\lib\cli.js:66058:18)
      at Request.self.callback (C:\Users\joshl\AppData\Roaming\npm\node_modules\yarn\lib\cli.js:129541:22)
      at Request.emit (events.js:321:20)
      at Request.<anonymous> (C:\Users\joshl\AppData\Roaming\npm\node_modules\yarn\lib\cli.js:130513:10)
      at Request.emit (events.js:321:20)
      at IncomingMessage.<anonymous> (C:\Users\joshl\AppData\Roaming\npm\node_modules\yarn\lib\cli.js:130435:12)
      at Object.onceWrapper (events.js:427:28)
      at IncomingMessage.emit (events.js:333:22)
      at endReadableNT (_stream_readable.js:1220:12)
      at processTicksAndRejections (internal/process/task_queues.js:84:21)

npm manifest: 
  {
    "name": "react-ts-ssr",
    "version": "1.0.0",
    "description": "A React, TypeScript, Server Side Rendered boilerplate",
    "main": "index.js",
    "scripts": {
      "test": "echo \"Error: no test specified\" && exit 1"
    },
    "repository": {
      "type": "git",
      "url": "git+https://github.com/Azayzel/react-ts-ssr.git"
    },
    "keywords": [
      "react",
      "react-typescript",
      "ssr",
      "typescript",
      "express",
      "tsx"
    ],
    "author": "Josh Lavely",
    "license": "ISC",
    "bugs": {
      "url": "https://github.com/Azayzel/react-ts-ssr/issues"
    },
    "homepage": "https://github.com/Azayzel/react-ts-ssr#readme"
  }

yarn manifest: 
  No manifest

Lockfile: 
  No lockfile
